<?xml version="1.0" encoding="UTF-8"?>
<coverage generated="1780923069582" clover="3.2.0">
  <project timestamp="1780923069582" name="All files">
    <metrics statements="88" coveredstatements="76" conditionals="24" coveredconditionals="16" methods="19" coveredmethods="17" elements="131" coveredelements="109" complexity="0" loc="88" ncloc="88" packages="8" files="14" classes="14"/>
    <package name="commands.rpg">
      <metrics statements="40" coveredstatements="35" conditionals="4" coveredconditionals="2" methods="6" coveredmethods="6"/>
      <file name="coin.command.ts" path="C:\Users\PICHAU\OneDrive\Documentos\Davi\Vida Profissional e Acadêmica\Estudos\Projetos Pessoais\lifechecker-bot\src\commands\rpg\coin.command.ts">
        <metrics statements="8" coveredstatements="8" conditionals="0" coveredconditionals="0" methods="2" coveredmethods="2"/>
        <line num="1" count="1" type="stmt"/>
        <line num="5" count="1" type="stmt"/>
        <line num="7" count="1" type="stmt"/>
        <line num="35" count="1" type="stmt"/>
        <line num="70" count="1" type="stmt"/>
        <line num="77" count="1" type="stmt"/>
        <line num="83" count="1" type="stmt"/>
        <line num="89" count="1" type="stmt"/>
      </file>
      <file name="exalted.command.ts" path="C:\Users\PICHAU\OneDrive\Documentos\Davi\Vida Profissional e Acadêmica\Estudos\Projetos Pessoais\lifechecker-bot\src\commands\rpg\exalted.command.ts">
        <metrics statements="18" coveredstatements="18" conditionals="2" coveredconditionals="1" methods="2" coveredmethods="2"/>
        <line num="1" count="1" type="stmt"/>
        <line num="6" count="1" type="stmt"/>
        <line num="8" count="1" type="stmt"/>
        <line num="9" count="1" type="stmt"/>
        <line num="11" count="1" type="stmt"/>
        <line num="12" count="1" type="stmt"/>
        <line num="39" count="1" type="stmt"/>
        <line num="91" count="2" type="stmt"/>
        <line num="92" count="2" type="stmt"/>
        <line num="97" count="2" type="stmt"/>
        <line num="102" count="2" type="stmt"/>
        <line num="108" count="1" type="stmt"/>
        <line num="114" count="1" type="stmt"/>
        <line num="119" count="1" type="stmt"/>
        <line num="125" count="1" type="stmt"/>
        <line num="130" count="1" type="stmt"/>
        <line num="132" count="1" type="stmt"/>
        <line num="136" count="1" type="stmt"/>
      </file>
      <file name="initiative.command.ts" path="C:\Users\PICHAU\OneDrive\Documentos\Davi\Vida Profissional e Acadêmica\Estudos\Projetos Pessoais\lifechecker-bot\src\commands\rpg\initiative.command.ts">
        <metrics statements="14" coveredstatements="9" conditionals="2" coveredconditionals="1" methods="2" coveredmethods="2"/>
        <line num="1" count="1" type="stmt"/>
        <line num="6" count="1" type="stmt"/>
        <line num="8" count="1" type="stmt"/>
        <line num="9" count="1" type="stmt"/>
        <line num="33" count="1" type="stmt"/>
        <line num="82" count="1" type="stmt"/>
        <line num="83" count="1" type="stmt"/>
        <line num="87" count="1" type="stmt"/>
        <line num="93" count="0" type="stmt"/>
        <line num="98" count="0" type="stmt"/>
        <line num="100" count="0" type="stmt"/>
        <line num="102" count="0" type="stmt"/>
        <line num="104" count="0" type="stmt"/>
        <line num="108" count="1" type="stmt"/>
      </file>
    </package>
    <package name="domain.coin">
      <metrics statements="4" coveredstatements="4" conditionals="0" coveredconditionals="0" methods="1" coveredmethods="1"/>
      <file name="CoinFlip.ts" path="C:\Users\PICHAU\OneDrive\Documentos\Davi\Vida Profissional e Acadêmica\Estudos\Projetos Pessoais\lifechecker-bot\src\domain\coin\CoinFlip.ts">
        <metrics statements="4" coveredstatements="4" conditionals="0" coveredconditionals="0" methods="1" coveredmethods="1"/>
        <line num="1" count="2" type="stmt"/>
        <line num="2" count="2" type="stmt"/>
        <line num="30" count="2" type="stmt"/>
        <line num="42" count="3" type="stmt"/>
      </file>
    </package>
    <package name="domain.coin.types">
      <metrics statements="3" coveredstatements="3" conditionals="2" coveredconditionals="2" methods="1" coveredmethods="1"/>
      <file name="CoinSide.ts" path="C:\Users\PICHAU\OneDrive\Documentos\Davi\Vida Profissional e Acadêmica\Estudos\Projetos Pessoais\lifechecker-bot\src\domain\coin\types\CoinSide.ts">
        <metrics statements="3" coveredstatements="3" conditionals="2" coveredconditionals="2" methods="1" coveredmethods="1"/>
        <line num="1" count="2" type="cond" truecount="2" falsecount="0"/>
        <line num="2" count="2" type="stmt"/>
        <line num="3" count="2" type="stmt"/>
      </file>
    </package>
    <package name="domain.dice.services">
      <metrics statements="17" coveredstatements="17" conditionals="4" coveredconditionals="4" methods="4" coveredmethods="4"/>
      <file name="dice.service.ts" path="C:\Users\PICHAU\OneDrive\Documentos\Davi\Vida Profissional e Acadêmica\Estudos\Projetos Pessoais\lifechecker-bot\src\domain\dice\services\dice.service.ts">
        <metrics statements="7" coveredstatements="7" conditionals="0" coveredconditionals="0" methods="2" coveredmethods="2"/>
        <line num="1" count="3" type="stmt"/>
        <line num="32" count="3" type="stmt"/>
        <line num="63" count="1" type="stmt"/>
        <line num="65" count="1" type="stmt"/>
        <line num="66" count="5" type="stmt"/>
        <line num="69" count="1" type="stmt"/>
        <line num="72" count="5" type="stmt"/>
      </file>
      <file name="exalted.service.ts" path="C:\Users\PICHAU\OneDrive\Documentos\Davi\Vida Profissional e Acadêmica\Estudos\Projetos Pessoais\lifechecker-bot\src\domain\dice\services\exalted.service.ts">
        <metrics statements="10" coveredstatements="10" conditionals="4" coveredconditionals="4" methods="2" coveredmethods="2"/>
        <line num="7" count="2" type="stmt"/>
        <line num="12" count="2" type="stmt"/>
        <line num="18" count="2" type="stmt"/>
        <line num="46" count="2" type="stmt"/>
        <line num="57" count="1" type="stmt"/>
        <line num="58" count="4" type="cond" truecount="2" falsecount="0"/>
        <line num="59" count="2" type="stmt"/>
        <line num="62" count="2" type="cond" truecount="2" falsecount="0"/>
        <line num="63" count="1" type="stmt"/>
        <line num="66" count="1" type="stmt"/>
      </file>
    </package>
    <package name="helpers.formatters">
      <metrics statements="4" coveredstatements="3" conditionals="2" coveredconditionals="0" methods="2" coveredmethods="1"/>
      <file name="formatExaltedResult.ts" path="C:\Users\PICHAU\OneDrive\Documentos\Davi\Vida Profissional e Acadêmica\Estudos\Projetos Pessoais\lifechecker-bot\src\helpers\formatters\formatExaltedResult.ts">
        <metrics statements="2" coveredstatements="2" conditionals="0" coveredconditionals="0" methods="1" coveredmethods="1"/>
        <line num="48" count="1" type="stmt"/>
        <line num="52" count="1" type="stmt"/>
      </file>
      <file name="formatInitiativeResult.ts" path="C:\Users\PICHAU\OneDrive\Documentos\Davi\Vida Profissional e Acadêmica\Estudos\Projetos Pessoais\lifechecker-bot\src\helpers\formatters\formatInitiativeResult.ts">
        <metrics statements="2" coveredstatements="1" conditionals="2" coveredconditionals="0" methods="1" coveredmethods="0"/>
        <line num="39" count="1" type="stmt"/>
        <line num="44" count="0" type="stmt"/>
      </file>
    </package>
    <package name="helpers.random">
      <metrics statements="9" coveredstatements="4" conditionals="4" coveredconditionals="1" methods="2" coveredmethods="1"/>
      <file name="randomArrayElement.ts" path="C:\Users\PICHAU\OneDrive\Documentos\Davi\Vida Profissional e Acadêmica\Estudos\Projetos Pessoais\lifechecker-bot\src\helpers\random\randomArrayElement.ts">
        <metrics statements="5" coveredstatements="1" conditionals="2" coveredconditionals="0" methods="1" coveredmethods="0"/>
        <line num="31" count="2" type="stmt"/>
        <line num="32" count="0" type="cond" truecount="0" falsecount="2"/>
        <line num="33" count="0" type="stmt"/>
        <line num="36" count="0" type="stmt"/>
        <line num="38" count="0" type="stmt"/>
      </file>
      <file name="randomInt.ts" path="C:\Users\PICHAU\OneDrive\Documentos\Davi\Vida Profissional e Acadêmica\Estudos\Projetos Pessoais\lifechecker-bot\src\helpers\random\randomInt.ts">
        <metrics statements="4" coveredstatements="3" conditionals="2" coveredconditionals="1" methods="1" coveredmethods="1"/>
        <line num="37" count="3" type="stmt"/>
        <line num="38" count="5" type="cond" truecount="1" falsecount="1"/>
        <line num="39" count="0" type="stmt"/>
        <line num="42" count="5" type="stmt"/>
      </file>
    </package>
    <package name="helpers.validators">
      <metrics statements="8" coveredstatements="7" conditionals="8" coveredconditionals="7" methods="2" coveredmethods="2"/>
      <file name="exalted.validator.ts" path="C:\Users\PICHAU\OneDrive\Documentos\Davi\Vida Profissional e Acadêmica\Estudos\Projetos Pessoais\lifechecker-bot\src\helpers\validators\exalted.validator.ts">
        <metrics statements="5" coveredstatements="4" conditionals="4" coveredconditionals="3" methods="1" coveredmethods="1"/>
        <line num="42" count="1" type="stmt"/>
        <line num="43" count="2" type="cond" truecount="2" falsecount="0"/>
        <line num="44" count="1" type="stmt"/>
        <line num="47" count="1" type="cond" truecount="1" falsecount="1"/>
        <line num="48" count="0" type="stmt"/>
      </file>
      <file name="initiative.validator.ts" path="C:\Users\PICHAU\OneDrive\Documentos\Davi\Vida Profissional e Acadêmica\Estudos\Projetos Pessoais\lifechecker-bot\src\helpers\validators\initiative.validator.ts">
        <metrics statements="3" coveredstatements="3" conditionals="4" coveredconditionals="4" methods="1" coveredmethods="1"/>
        <line num="35" count="1" type="stmt"/>
        <line num="36" count="7" type="cond" truecount="4" falsecount="0"/>
        <line num="37" count="2" type="stmt"/>
      </file>
    </package>
    <package name="structs.types">
      <metrics statements="3" coveredstatements="3" conditionals="0" coveredconditionals="0" methods="1" coveredmethods="1"/>
      <file name="Command.ts" path="C:\Users\PICHAU\OneDrive\Documentos\Davi\Vida Profissional e Acadêmica\Estudos\Projetos Pessoais\lifechecker-bot\src\structs\types\Command.ts">
        <metrics statements="3" coveredstatements="3" conditionals="0" coveredconditionals="0" methods="1" coveredmethods="1"/>
        <line num="174" count="3" type="stmt"/>
        <line num="190" count="3" type="stmt"/>
        <line num="196" count="3" type="stmt"/>
      </file>
    </package>
  </project>
</coverage>
