<?xml version="1.0" encoding="UTF-8"?>
<coverage generated="1780789900741" clover="3.2.0">
  <project timestamp="1780789900741" name="All files">
    <metrics statements="47" coveredstatements="42" conditionals="14" coveredconditionals="11" methods="12" coveredmethods="11" elements="73" coveredelements="64" complexity="0" loc="47" ncloc="47" packages="7" files="9" classes="9"/>
    <package name="commands.rpg">
      <metrics statements="8" coveredstatements="8" conditionals="0" coveredconditionals="0" methods="2" coveredmethods="2"/>
      <file name="coin.command.ts" path="C:\Users\PICHAU\OneDrive\Documentos\Davi\Vida Profissional e Acadêmica\Estudos\Projetos Pessoais\lifechecker-bot\src\commands\rpg\coin.command.ts">
        <metrics statements="8" coveredstatements="8" conditionals="0" coveredconditionals="0" methods="2" coveredmethods="2"/>
        <line num="1" count="1" type="stmt"/>
        <line num="5" count="1" type="stmt"/>
        <line num="7" count="1" type="stmt"/>
        <line num="35" count="1" type="stmt"/>
        <line num="70" count="1" type="stmt"/>
        <line num="77" count="1" type="stmt"/>
        <line num="83" count="1" type="stmt"/>
        <line num="89" count="1" type="stmt"/>
      </file>
    </package>
    <package name="domain.coin">
      <metrics statements="4" coveredstatements="4" conditionals="0" coveredconditionals="0" methods="1" coveredmethods="1"/>
      <file name="CoinFlip.ts" path="C:\Users\PICHAU\OneDrive\Documentos\Davi\Vida Profissional e Acadêmica\Estudos\Projetos Pessoais\lifechecker-bot\src\domain\coin\CoinFlip.ts">
        <metrics statements="4" coveredstatements="4" conditionals="0" coveredconditionals="0" methods="1" coveredmethods="1"/>
        <line num="1" count="2" type="stmt"/>
        <line num="2" count="2" type="stmt"/>
        <line num="30" count="2" type="stmt"/>
        <line num="42" count="3" type="stmt"/>
      </file>
    </package>
    <package name="domain.coin.types">
      <metrics statements="3" coveredstatements="3" conditionals="2" coveredconditionals="2" methods="1" coveredmethods="1"/>
      <file name="CoinSide.ts" path="C:\Users\PICHAU\OneDrive\Documentos\Davi\Vida Profissional e Acadêmica\Estudos\Projetos Pessoais\lifechecker-bot\src\domain\coin\types\CoinSide.ts">
        <metrics statements="3" coveredstatements="3" conditionals="2" coveredconditionals="2" methods="1" coveredmethods="1"/>
        <line num="1" count="2" type="cond" truecount="2" falsecount="0"/>
        <line num="2" count="2" type="stmt"/>
        <line num="3" count="2" type="stmt"/>
      </file>
    </package>
    <package name="domain.dice.services">
      <metrics statements="17" coveredstatements="17" conditionals="4" coveredconditionals="4" methods="4" coveredmethods="4"/>
      <file name="dice.service.ts" path="C:\Users\PICHAU\OneDrive\Documentos\Davi\Vida Profissional e Acadêmica\Estudos\Projetos Pessoais\lifechecker-bot\src\domain\dice\services\dice.service.ts">
        <metrics statements="7" coveredstatements="7" conditionals="0" coveredconditionals="0" methods="2" coveredmethods="2"/>
        <line num="1" count="1" type="stmt"/>
        <line num="32" count="1" type="stmt"/>
        <line num="63" count="1" type="stmt"/>
        <line num="65" count="1" type="stmt"/>
        <line num="66" count="5" type="stmt"/>
        <line num="69" count="1" type="stmt"/>
        <line num="72" count="5" type="stmt"/>
      </file>
      <file name="exalted.service.ts" path="C:\Users\PICHAU\OneDrive\Documentos\Davi\Vida Profissional e Acadêmica\Estudos\Projetos Pessoais\lifechecker-bot\src\domain\dice\services\exalted.service.ts">
        <metrics statements="10" coveredstatements="10" conditionals="4" coveredconditionals="4" methods="2" coveredmethods="2"/>
        <line num="7" count="1" type="stmt"/>
        <line num="12" count="1" type="stmt"/>
        <line num="18" count="1" type="stmt"/>
        <line num="46" count="1" type="stmt"/>
        <line num="57" count="1" type="stmt"/>
        <line num="58" count="4" type="cond" truecount="2" falsecount="0"/>
        <line num="59" count="2" type="stmt"/>
        <line num="62" count="2" type="cond" truecount="2" falsecount="0"/>
        <line num="63" count="1" type="stmt"/>
        <line num="66" count="1" type="stmt"/>
      </file>
    </package>
    <package name="helpers.random">
      <metrics statements="9" coveredstatements="4" conditionals="4" coveredconditionals="1" methods="2" coveredmethods="1"/>
      <file name="randomArrayElement.ts" path="C:\Users\PICHAU\OneDrive\Documentos\Davi\Vida Profissional e Acadêmica\Estudos\Projetos Pessoais\lifechecker-bot\src\helpers\random\randomArrayElement.ts">
        <metrics statements="5" coveredstatements="1" conditionals="2" coveredconditionals="0" methods="1" coveredmethods="0"/>
        <line num="31" count="2" type="stmt"/>
        <line num="32" count="0" type="cond" truecount="0" falsecount="2"/>
        <line num="33" count="0" type="stmt"/>
        <line num="36" count="0" type="stmt"/>
        <line num="38" count="0" type="stmt"/>
      </file>
      <file name="randomInt.ts" path="C:\Users\PICHAU\OneDrive\Documentos\Davi\Vida Profissional e Acadêmica\Estudos\Projetos Pessoais\lifechecker-bot\src\helpers\random\randomInt.ts">
        <metrics statements="4" coveredstatements="3" conditionals="2" coveredconditionals="1" methods="1" coveredmethods="1"/>
        <line num="37" count="1" type="stmt"/>
        <line num="38" count="5" type="cond" truecount="1" falsecount="1"/>
        <line num="39" count="0" type="stmt"/>
        <line num="42" count="5" type="stmt"/>
      </file>
    </package>
    <package name="helpers.validators">
      <metrics statements="3" coveredstatements="3" conditionals="4" coveredconditionals="4" methods="1" coveredmethods="1"/>
      <file name="initiative.validator.ts" path="C:\Users\PICHAU\OneDrive\Documentos\Davi\Vida Profissional e Acadêmica\Estudos\Projetos Pessoais\lifechecker-bot\src\helpers\validators\initiative.validator.ts">
        <metrics statements="3" coveredstatements="3" conditionals="4" coveredconditionals="4" methods="1" coveredmethods="1"/>
        <line num="35" count="1" type="stmt"/>
        <line num="36" count="7" type="cond" truecount="4" falsecount="0"/>
        <line num="37" count="2" type="stmt"/>
      </file>
    </package>
    <package name="structs.types">
      <metrics statements="3" coveredstatements="3" conditionals="0" coveredconditionals="0" methods="1" coveredmethods="1"/>
      <file name="Command.ts" path="C:\Users\PICHAU\OneDrive\Documentos\Davi\Vida Profissional e Acadêmica\Estudos\Projetos Pessoais\lifechecker-bot\src\structs\types\Command.ts">
        <metrics statements="3" coveredstatements="3" conditionals="0" coveredconditionals="0" methods="1" coveredmethods="1"/>
        <line num="174" count="1" type="stmt"/>
        <line num="190" count="1" type="stmt"/>
        <line num="196" count="1" type="stmt"/>
      </file>
    </package>
  </project>
</coverage>
