{"C:\\Users\\PICHAU\\OneDrive\\Documentos\\Davi\\Vida Profissional e Acadêmica\\Estudos\\Projetos Pessoais\\lifechecker-bot\\src\\commands\\rpg\\coin.command.ts": {"path":"C:\\Users\\PICHAU\\OneDrive\\Documentos\\Davi\\Vida Profissional e Acadêmica\\Estudos\\Projetos Pessoais\\lifechecker-bot\\src\\commands\\rpg\\coin.command.ts","statementMap":{"0":{"start":{"line":1,"column":0},"end":{"line":1,"column":null}},"1":{"start":{"line":5,"column":0},"end":{"line":5,"column":54}},"2":{"start":{"line":7,"column":0},"end":{"line":7,"column":54}},"3":{"start":{"line":35,"column":0},"end":{"line":103,"column":3}},"4":{"start":{"line":70,"column":12},"end":{"line":101,"column":null}},"5":{"start":{"line":77,"column":6},"end":{"line":77,"column":20}},"6":{"start":{"line":83,"column":6},"end":{"line":83,"column":24}},"7":{"start":{"line":89,"column":4},"end":{"line":99,"column":7}}},"fnMap":{"0":{"name":"(anonymous_7)","decl":{"start":{"line":70,"column":8},"end":{"line":70,"column":11}},"loc":{"start":{"line":70,"column":11},"end":{"line":101,"column":null}}},"1":{"name":"(anonymous_8)","decl":{"start":{"line":70,"column":12},"end":{"line":70,"column":14}},"loc":{"start":{"line":70,"column":27},"end":{"line":101,"column":3}}}},"branchMap":{},"s":{"0":1,"1":1,"2":1,"3":1,"4":1,"5":1,"6":1,"7":1},"f":{"0":1,"1":1},"b":{}}
,"C:\\Users\\PICHAU\\OneDrive\\Documentos\\Davi\\Vida Profissional e Acadêmica\\Estudos\\Projetos Pessoais\\lifechecker-bot\\src\\domain\\coin\\CoinFlip.ts": {"path":"C:\\Users\\PICHAU\\OneDrive\\Documentos\\Davi\\Vida Profissional e Acadêmica\\Estudos\\Projetos Pessoais\\lifechecker-bot\\src\\domain\\coin\\CoinFlip.ts","statementMap":{"0":{"start":{"line":1,"column":0},"end":{"line":1,"column":77}},"1":{"start":{"line":2,"column":0},"end":{"line":2,"column":44}},"2":{"start":{"line":42,"column":4},"end":{"line":42,"column":64}},"3":{"start":{"line":30,"column":0},"end":{"line":30,"column":13}}},"fnMap":{"0":{"name":"(anonymous_0)","decl":{"start":{"line":41,"column":2},"end":{"line":41,"column":9}},"loc":{"start":{"line":41,"column":9},"end":{"line":43,"column":3}}}},"branchMap":{},"s":{"0":2,"1":2,"2":3,"3":2},"f":{"0":3},"b":{}}
,"C:\\Users\\PICHAU\\OneDrive\\Documentos\\Davi\\Vida Profissional e Acadêmica\\Estudos\\Projetos Pessoais\\lifechecker-bot\\src\\domain\\coin\\types\\CoinSide.ts": {"path":"C:\\Users\\PICHAU\\OneDrive\\Documentos\\Davi\\Vida Profissional e Acadêmica\\Estudos\\Projetos Pessoais\\lifechecker-bot\\src\\domain\\coin\\types\\CoinSide.ts","statementMap":{"0":{"start":{"line":1,"column":0},"end":{"line":1,"column":null}},"1":{"start":{"line":2,"column":2},"end":{"line":2,"column":null}},"2":{"start":{"line":3,"column":2},"end":{"line":3,"column":null}}},"fnMap":{"0":{"name":"(anonymous_0)","decl":{"start":{"line":1,"column":0},"end":{"line":1,"column":12}},"loc":{"start":{"line":1,"column":20},"end":{"line":4,"column":1}}}},"branchMap":{"0":{"loc":{"start":{"line":1,"column":12},"end":{"line":1,"column":null}},"type":"binary-expr","locations":[{"start":{"line":1,"column":12},"end":{"line":1,"column":20}},{"start":{"line":1,"column":20},"end":{"line":1,"column":null}}]}},"s":{"0":2,"1":2,"2":2},"f":{"0":2},"b":{"0":[2,2]}}
,"C:\\Users\\PICHAU\\OneDrive\\Documentos\\Davi\\Vida Profissional e Acadêmica\\Estudos\\Projetos Pessoais\\lifechecker-bot\\src\\domain\\dice\\services\\dice.service.ts": {"path":"C:\\Users\\PICHAU\\OneDrive\\Documentos\\Davi\\Vida Profissional e Acadêmica\\Estudos\\Projetos Pessoais\\lifechecker-bot\\src\\domain\\dice\\services\\dice.service.ts","statementMap":{"0":{"start":{"line":1,"column":0},"end":{"line":1,"column":62}},"1":{"start":{"line":63,"column":28},"end":{"line":63,"column":30}},"2":{"start":{"line":65,"column":4},"end":{"line":67,"column":5}},"3":{"start":{"line":65,"column":17},"end":{"line":65,"column":18}},"4":{"start":{"line":66,"column":6},"end":{"line":66,"column":38}},"5":{"start":{"line":69,"column":4},"end":{"line":73,"column":6}},"6":{"start":{"line":72,"column":44},"end":{"line":72,"column":57}},"7":{"start":{"line":32,"column":0},"end":{"line":32,"column":13}}},"fnMap":{"0":{"name":"(anonymous_0)","decl":{"start":{"line":62,"column":2},"end":{"line":62,"column":6}},"loc":{"start":{"line":62,"column":38},"end":{"line":74,"column":3}}},"1":{"name":"(anonymous_1)","decl":{"start":{"line":72,"column":26},"end":{"line":72,"column":27}},"loc":{"start":{"line":72,"column":44},"end":{"line":72,"column":57}}}},"branchMap":{},"s":{"0":1,"1":1,"2":1,"3":1,"4":5,"5":1,"6":5,"7":1},"f":{"0":1,"1":5},"b":{}}
,"C:\\Users\\PICHAU\\OneDrive\\Documentos\\Davi\\Vida Profissional e Acadêmica\\Estudos\\Projetos Pessoais\\lifechecker-bot\\src\\domain\\dice\\services\\exalted.service.ts": {"path":"C:\\Users\\PICHAU\\OneDrive\\Documentos\\Davi\\Vida Profissional e Acadêmica\\Estudos\\Projetos Pessoais\\lifechecker-bot\\src\\domain\\dice\\services\\exalted.service.ts","statementMap":{"0":{"start":{"line":7,"column":26},"end":{"line":7,"column":27}},"1":{"start":{"line":12,"column":29},"end":{"line":12,"column":31}},"2":{"start":{"line":18,"column":30},"end":{"line":18,"column":31}},"3":{"start":{"line":57,"column":4},"end":{"line":67,"column":10}},"4":{"start":{"line":58,"column":6},"end":{"line":60,"column":7}},"5":{"start":{"line":59,"column":8},"end":{"line":59,"column":49}},"6":{"start":{"line":62,"column":6},"end":{"line":64,"column":7}},"7":{"start":{"line":63,"column":8},"end":{"line":63,"column":29}},"8":{"start":{"line":66,"column":6},"end":{"line":66,"column":23}},"9":{"start":{"line":46,"column":0},"end":{"line":46,"column":13}}},"fnMap":{"0":{"name":"(anonymous_0)","decl":{"start":{"line":56,"column":2},"end":{"line":56,"column":20}},"loc":{"start":{"line":56,"column":36},"end":{"line":68,"column":3}}},"1":{"name":"(anonymous_1)","decl":{"start":{"line":57,"column":24},"end":{"line":57,"column":25}},"loc":{"start":{"line":57,"column":44},"end":{"line":67,"column":5}}}},"branchMap":{"0":{"loc":{"start":{"line":58,"column":6},"end":{"line":60,"column":7}},"type":"if","locations":[{"start":{"line":58,"column":6},"end":{"line":60,"column":7}},{"start":{},"end":{}}]},"1":{"loc":{"start":{"line":62,"column":6},"end":{"line":64,"column":7}},"type":"if","locations":[{"start":{"line":62,"column":6},"end":{"line":64,"column":7}},{"start":{},"end":{}}]}},"s":{"0":1,"1":1,"2":1,"3":1,"4":4,"5":2,"6":2,"7":1,"8":1,"9":1},"f":{"0":1,"1":4},"b":{"0":[2,2],"1":[1,1]}}
,"C:\\Users\\PICHAU\\OneDrive\\Documentos\\Davi\\Vida Profissional e Acadêmica\\Estudos\\Projetos Pessoais\\lifechecker-bot\\src\\helpers\\random\\randomArrayElement.ts": {"path":"C:\\Users\\PICHAU\\OneDrive\\Documentos\\Davi\\Vida Profissional e Acadêmica\\Estudos\\Projetos Pessoais\\lifechecker-bot\\src\\helpers\\random\\randomArrayElement.ts","statementMap":{"0":{"start":{"line":31,"column":0},"end":{"line":31,"column":16}},"1":{"start":{"line":32,"column":2},"end":{"line":34,"column":3}},"2":{"start":{"line":33,"column":4},"end":{"line":33,"column":69}},"3":{"start":{"line":36,"column":22},"end":{"line":36,"column":62}},"4":{"start":{"line":38,"column":2},"end":{"line":38,"column":28}}},"fnMap":{"0":{"name":"randomArrayElement","decl":{"start":{"line":31,"column":16},"end":{"line":31,"column":34}},"loc":{"start":{"line":31,"column":48},"end":{"line":39,"column":1}}}},"branchMap":{"0":{"loc":{"start":{"line":32,"column":2},"end":{"line":34,"column":3}},"type":"if","locations":[{"start":{"line":32,"column":2},"end":{"line":34,"column":3}},{"start":{},"end":{}}]}},"s":{"0":2,"1":0,"2":0,"3":0,"4":0},"f":{"0":0},"b":{"0":[0,0]}}
,"C:\\Users\\PICHAU\\OneDrive\\Documentos\\Davi\\Vida Profissional e Acadêmica\\Estudos\\Projetos Pessoais\\lifechecker-bot\\src\\helpers\\random\\randomInt.ts": {"path":"C:\\Users\\PICHAU\\OneDrive\\Documentos\\Davi\\Vida Profissional e Acadêmica\\Estudos\\Projetos Pessoais\\lifechecker-bot\\src\\helpers\\random\\randomInt.ts","statementMap":{"0":{"start":{"line":37,"column":0},"end":{"line":37,"column":16}},"1":{"start":{"line":38,"column":2},"end":{"line":40,"column":3}},"2":{"start":{"line":39,"column":4},"end":{"line":39,"column":75}},"3":{"start":{"line":42,"column":2},"end":{"line":42,"column":59}}},"fnMap":{"0":{"name":"randomInt","decl":{"start":{"line":37,"column":16},"end":{"line":37,"column":25}},"loc":{"start":{"line":37,"column":50},"end":{"line":43,"column":1}}}},"branchMap":{"0":{"loc":{"start":{"line":38,"column":2},"end":{"line":40,"column":3}},"type":"if","locations":[{"start":{"line":38,"column":2},"end":{"line":40,"column":3}},{"start":{},"end":{}}]}},"s":{"0":1,"1":5,"2":0,"3":5},"f":{"0":5},"b":{"0":[0,5]}}
,"C:\\Users\\PICHAU\\OneDrive\\Documentos\\Davi\\Vida Profissional e Acadêmica\\Estudos\\Projetos Pessoais\\lifechecker-bot\\src\\helpers\\validators\\initiative.validator.ts": {"path":"C:\\Users\\PICHAU\\OneDrive\\Documentos\\Davi\\Vida Profissional e Acadêmica\\Estudos\\Projetos Pessoais\\lifechecker-bot\\src\\helpers\\validators\\initiative.validator.ts","statementMap":{"0":{"start":{"line":35,"column":0},"end":{"line":35,"column":16}},"1":{"start":{"line":36,"column":2},"end":{"line":38,"column":3}},"2":{"start":{"line":37,"column":4},"end":{"line":37,"column":60}}},"fnMap":{"0":{"name":"validateInitiativeModifier","decl":{"start":{"line":35,"column":16},"end":{"line":35,"column":42}},"loc":{"start":{"line":35,"column":59},"end":{"line":39,"column":1}}}},"branchMap":{"0":{"loc":{"start":{"line":36,"column":2},"end":{"line":38,"column":3}},"type":"if","locations":[{"start":{"line":36,"column":2},"end":{"line":38,"column":3}},{"start":{},"end":{}}]},"1":{"loc":{"start":{"line":36,"column":6},"end":{"line":36,"column":37}},"type":"binary-expr","locations":[{"start":{"line":36,"column":6},"end":{"line":36,"column":20}},{"start":{"line":36,"column":24},"end":{"line":36,"column":37}}]}},"s":{"0":1,"1":7,"2":2},"f":{"0":7},"b":{"0":[2,5],"1":[7,6]}}
,"C:\\Users\\PICHAU\\OneDrive\\Documentos\\Davi\\Vida Profissional e Acadêmica\\Estudos\\Projetos Pessoais\\lifechecker-bot\\src\\structs\\types\\Command.ts": {"path":"C:\\Users\\PICHAU\\OneDrive\\Documentos\\Davi\\Vida Profissional e Acadêmica\\Estudos\\Projetos Pessoais\\lifechecker-bot\\src\\structs\\types\\Command.ts","statementMap":{"0":{"start":{"line":190,"column":4},"end":{"line":190,"column":33}},"1":{"start":{"line":196,"column":4},"end":{"line":196,"column":33}},"2":{"start":{"line":174,"column":0},"end":{"line":174,"column":13}}},"fnMap":{"0":{"name":"(anonymous_0)","decl":{"start":{"line":185,"column":2},"end":{"line":185,"column":14}},"loc":{"start":{"line":185,"column":34},"end":{"line":197,"column":3}}}},"branchMap":{},"s":{"0":1,"1":1,"2":1},"f":{"0":1},"b":{}}
}
