TN:
SF:src\commands\rpg\coin.command.ts
FN:70,(anonymous_7)
FN:70,(anonymous_8)
FNF:2
FNH:2
FNDA:1,(anonymous_7)
FNDA:1,(anonymous_8)
DA:1,1
DA:5,1
DA:7,1
DA:35,1
DA:70,1
DA:77,1
DA:83,1
DA:89,1
LF:8
LH:8
BRF:0
BRH:0
end_of_record
TN:
SF:src\commands\rpg\exalted.command.ts
FN:91,(anonymous_7)
FN:91,(anonymous_8)
FNF:2
FNH:2
FNDA:2,(anonymous_7)
FNDA:2,(anonymous_8)
DA:1,1
DA:6,1
DA:8,1
DA:9,1
DA:11,1
DA:12,1
DA:39,1
DA:91,2
DA:92,2
DA:97,2
DA:102,2
DA:108,1
DA:114,1
DA:119,1
DA:125,1
DA:130,1
DA:132,1
DA:136,1
LF:18
LH:18
BRDA:140,0,0,1
BRDA:140,0,1,0
BRF:2
BRH:1
end_of_record
TN:
SF:src\commands\rpg\initiative.command.ts
FN:82,(anonymous_7)
FN:82,(anonymous_8)
FNF:2
FNH:2
FNDA:1,(anonymous_7)
FNDA:1,(anonymous_8)
DA:1,1
DA:6,1
DA:8,1
DA:9,1
DA:33,1
DA:82,1
DA:83,1
DA:87,1
DA:93,0
DA:98,0
DA:100,0
DA:102,0
DA:104,0
DA:108,1
LF:14
LH:9
BRDA:112,0,0,1
BRDA:112,0,1,0
BRF:2
BRH:1
end_of_record
TN:
SF:src\domain\coin\CoinFlip.ts
FN:41,(anonymous_0)
FNF:1
FNH:1
FNDA:3,(anonymous_0)
DA:1,2
DA:2,2
DA:30,2
DA:42,3
LF:4
LH:4
BRF:0
BRH:0
end_of_record
TN:
SF:src\domain\coin\types\CoinSide.ts
FN:1,(anonymous_0)
FNF:1
FNH:1
FNDA:2,(anonymous_0)
DA:1,2
DA:2,2
DA:3,2
LF:3
LH:3
BRDA:1,0,0,2
BRDA:1,0,1,2
BRF:2
BRH:2
end_of_record
TN:
SF:src\domain\dice\services\dice.service.ts
FN:62,(anonymous_0)
FN:72,(anonymous_1)
FNF:2
FNH:2
FNDA:1,(anonymous_0)
FNDA:5,(anonymous_1)
DA:1,3
DA:32,3
DA:63,1
DA:65,1
DA:66,5
DA:69,1
DA:72,5
LF:7
LH:7
BRF:0
BRH:0
end_of_record
TN:
SF:src\domain\dice\services\exalted.service.ts
FN:56,(anonymous_0)
FN:57,(anonymous_1)
FNF:2
FNH:2
FNDA:1,(anonymous_0)
FNDA:4,(anonymous_1)
DA:7,2
DA:12,2
DA:18,2
DA:46,2
DA:57,1
DA:58,4
DA:59,2
DA:62,2
DA:63,1
DA:66,1
LF:10
LH:10
BRDA:58,0,0,2
BRDA:58,0,1,2
BRDA:62,1,0,1
BRDA:62,1,1,1
BRF:4
BRH:4
end_of_record
TN:
SF:src\helpers\formatters\formatExaltedResult.ts
FN:48,formatExaltedResult
FNF:1
FNH:1
FNDA:1,formatExaltedResult
DA:48,1
DA:52,1
LF:2
LH:2
BRF:0
BRH:0
end_of_record
TN:
SF:src\helpers\formatters\formatInitiativeResult.ts
FN:39,formatInitiativeResult
FNF:1
FNH:0
FNDA:0,formatInitiativeResult
DA:39,1
DA:44,0
LF:2
LH:1
BRDA:49,0,0,0
BRDA:49,0,1,0
BRF:2
BRH:0
end_of_record
TN:
SF:src\helpers\random\randomArrayElement.ts
FN:31,randomArrayElement
FNF:1
FNH:0
FNDA:0,randomArrayElement
DA:31,2
DA:32,0
DA:33,0
DA:36,0
DA:38,0
LF:5
LH:1
BRDA:32,0,0,0
BRDA:32,0,1,0
BRF:2
BRH:0
end_of_record
TN:
SF:src\helpers\random\randomInt.ts
FN:37,randomInt
FNF:1
FNH:1
FNDA:5,randomInt
DA:37,3
DA:38,5
DA:39,0
DA:42,5
LF:4
LH:3
BRDA:38,0,0,0
BRDA:38,0,1,5
BRF:2
BRH:1
end_of_record
TN:
SF:src\helpers\validators\exalted.validator.ts
FN:42,validateExaltedDice
FNF:1
FNH:1
FNDA:2,validateExaltedDice
DA:42,1
DA:43,2
DA:44,1
DA:47,1
DA:48,0
LF:5
LH:4
BRDA:43,0,0,1
BRDA:43,0,1,1
BRDA:47,1,0,0
BRDA:47,1,1,1
BRF:4
BRH:3
end_of_record
TN:
SF:src\helpers\validators\initiative.validator.ts
FN:35,validateInitiativeModifier
FNF:1
FNH:1
FNDA:7,validateInitiativeModifier
DA:35,1
DA:36,7
DA:37,2
LF:3
LH:3
BRDA:36,0,0,2
BRDA:36,0,1,5
BRDA:36,1,0,7
BRDA:36,1,1,6
BRF:4
BRH:4
end_of_record
TN:
SF:src\structs\types\Command.ts
FN:185,(anonymous_0)
FNF:1
FNH:1
FNDA:3,(anonymous_0)
DA:174,3
DA:190,3
DA:196,3
LF:3
LH:3
BRF:0
BRH:0
end_of_record
