TN:
SF:src\commands\rpg\coin.command.ts
FN:70,(anonymous_7)
FN:70,(anonymous_8)
FNF:2
FNH:2
FNDA:1,(anonymous_7)
FNDA:1,(anonymous_8)
DA:1,1
DA:5,1
DA:7,1
DA:35,1
DA:70,1
DA:77,1
DA:83,1
DA:89,1
LF:8
LH:8
BRF:0
BRH:0
end_of_record
TN:
SF:src\domain\coin\CoinFlip.ts
FN:41,(anonymous_0)
FNF:1
FNH:1
FNDA:3,(anonymous_0)
DA:1,2
DA:2,2
DA:30,2
DA:42,3
LF:4
LH:4
BRF:0
BRH:0
end_of_record
TN:
SF:src\domain\coin\types\CoinSide.ts
FN:1,(anonymous_0)
FNF:1
FNH:1
FNDA:2,(anonymous_0)
DA:1,2
DA:2,2
DA:3,2
LF:3
LH:3
BRDA:1,0,0,2
BRDA:1,0,1,2
BRF:2
BRH:2
end_of_record
TN:
SF:src\domain\dice\services\dice.service.ts
FN:62,(anonymous_0)
FN:72,(anonymous_1)
FNF:2
FNH:2
FNDA:1,(anonymous_0)
FNDA:5,(anonymous_1)
DA:1,1
DA:32,1
DA:63,1
DA:65,1
DA:66,5
DA:69,1
DA:72,5
LF:7
LH:7
BRF:0
BRH:0
end_of_record
TN:
SF:src\domain\dice\services\exalted.service.ts
FN:56,(anonymous_0)
FN:57,(anonymous_1)
FNF:2
FNH:2
FNDA:1,(anonymous_0)
FNDA:4,(anonymous_1)
DA:7,1
DA:12,1
DA:18,1
DA:46,1
DA:57,1
DA:58,4
DA:59,2
DA:62,2
DA:63,1
DA:66,1
LF:10
LH:10
BRDA:58,0,0,2
BRDA:58,0,1,2
BRDA:62,1,0,1
BRDA:62,1,1,1
BRF:4
BRH:4
end_of_record
TN:
SF:src\helpers\random\randomArrayElement.ts
FN:31,randomArrayElement
FNF:1
FNH:0
FNDA:0,randomArrayElement
DA:31,2
DA:32,0
DA:33,0
DA:36,0
DA:38,0
LF:5
LH:1
BRDA:32,0,0,0
BRDA:32,0,1,0
BRF:2
BRH:0
end_of_record
TN:
SF:src\helpers\random\randomInt.ts
FN:37,randomInt
FNF:1
FNH:1
FNDA:5,randomInt
DA:37,1
DA:38,5
DA:39,0
DA:42,5
LF:4
LH:3
BRDA:38,0,0,0
BRDA:38,0,1,5
BRF:2
BRH:1
end_of_record
TN:
SF:src\helpers\validators\initiative.validator.ts
FN:35,validateInitiativeModifier
FNF:1
FNH:1
FNDA:7,validateInitiativeModifier
DA:35,1
DA:36,7
DA:37,2
LF:3
LH:3
BRDA:36,0,0,2
BRDA:36,0,1,5
BRDA:36,1,0,7
BRDA:36,1,1,6
BRF:4
BRH:4
end_of_record
TN:
SF:src\structs\types\Command.ts
FN:185,(anonymous_0)
FNF:1
FNH:1
FNDA:1,(anonymous_0)
DA:174,1
DA:190,1
DA:196,1
LF:3
LH:3
BRF:0
BRH:0
end_of_record
